<?xml version="1.0" encoding="UTF-8"?>
<!-- Generated by org.testng.reporters.JUnitReportReporter -->
<testsuite hostname="DESKTOP-J98BPFH" failures="0" tests="3" name="day1.TestAnnotation" time="0.041" errors="0" timestamp="2026-03-13T20:45:01 IST" skipped="0">
  <testcase classname="day1.TestAnnotation" name="openapp" time="0.019"/>
  <testcase classname="day1.TestAnnotation" name="logout" time="0.007"/>
  <testcase classname="day1.TestAnnotation" name="Add" time="0.015"/>
</testsuite> <!-- day1.TestAnnotation -->
